2023-07-31 17:34:30.772878: I tensorflow/core/platform/cpu_feature_guard.cc:193] This TensorFlow binary is optimized with oneAPI Deep Neural Network Library (oneDNN) to use the following CPU instructions in performance-critical operations:  AVX2 AVX512F AVX512_VNNI FMA
To enable them in other operations, rebuild TensorFlow with the appropriate compiler flags.
2023-07-31 17:34:30.921365: I tensorflow/core/util/port.cc:104] oneDNN custom operations are on. You may see slightly different numerical results due to floating-point round-off errors from different computation orders. To turn them off, set the environment variable `TF_ENABLE_ONEDNN_OPTS=0`.
2023-07-31 17:34:30.927353: W tensorflow/compiler/xla/stream_executor/platform/default/dso_loader.cc:64] Could not load dynamic library 'libcudart.so.11.0'; dlerror: libcudart.so.11.0: cannot open shared object file: No such file or directory; LD_LIBRARY_PATH: /home/scottlevie/foam/geo32/src/geochemistryUT/phreeqcrm/lib:/home/scottlevie/foam/foam-extend-4.1/ThirdParty/packages/trilinos/lib:/home/scottlevie/foam/foam-extend-4.1/ThirdParty/packages/lapack/lib:/home/scottlevie/foam/foam-extend-4.1/ThirdParty/packages/superlu_dist-5.0.0/lib:/home/scottlevie/foam/foam-extend-4.1/ThirdParty/packages/scotch-6.0.4/platforms/linux64GccDPInt32Opt/lib:/home/scottlevie/foam/foam-extend-4.1/ThirdParty/packages/libccmio-2.6.1/platforms/linux64GccDPInt32Opt/lib:/home/scottlevie/foam/foam-extend-4.1/ThirdParty/packages/ParMGridGen-1.0/platforms/linux64GccDPInt32Opt/lib:/home/scottlevie/foam/foam-extend-4.1/ThirdParty/packages/parmetis-4.0.3/platforms/linux64GccDPInt32Opt/lib:/home/scottlevie/foam/foam-extend-4.1/ThirdParty/packages/metis-5.1.0/platforms/linux64GccDPInt32Opt/lib:/home/scottlevie/foam/foam-extend-4.1/ThirdParty/packages/mesquite-2.3.0/platforms/linux64GccDPInt32Opt/lib:/home/scottlevie/foam/foam-extend-4.1/ThirdParty/packages/openmpi-1.8.8/platforms/linux64GccDPInt32Opt/lib:/home/scottlevie/foam/scottlevie-4.1/lib/linux64GccDPInt32Opt:/home/scottlevie/foam/site/4.1/lib/linux64GccDPInt32Opt:/home/scottlevie/foam/foam-extend-4.1/lib/linux64GccDPInt32Opt
2023-07-31 17:34:30.927405: I tensorflow/compiler/xla/stream_executor/cuda/cudart_stub.cc:29] Ignore above cudart dlerror if you do not have a GPU set up on your machine.
2023-07-31 17:34:31.375968: W tensorflow/compiler/xla/stream_executor/platform/default/dso_loader.cc:64] Could not load dynamic library 'libnvinfer.so.7'; dlerror: libnvinfer.so.7: cannot open shared object file: No such file or directory; LD_LIBRARY_PATH: /home/scottlevie/foam/geo32/src/geochemistryUT/phreeqcrm/lib:/home/scottlevie/foam/foam-extend-4.1/ThirdParty/packages/trilinos/lib:/home/scottlevie/foam/foam-extend-4.1/ThirdParty/packages/lapack/lib:/home/scottlevie/foam/foam-extend-4.1/ThirdParty/packages/superlu_dist-5.0.0/lib:/home/scottlevie/foam/foam-extend-4.1/ThirdParty/packages/scotch-6.0.4/platforms/linux64GccDPInt32Opt/lib:/home/scottlevie/foam/foam-extend-4.1/ThirdParty/packages/libccmio-2.6.1/platforms/linux64GccDPInt32Opt/lib:/home/scottlevie/foam/foam-extend-4.1/ThirdParty/packages/ParMGridGen-1.0/platforms/linux64GccDPInt32Opt/lib:/home/scottlevie/foam/foam-extend-4.1/ThirdParty/packages/parmetis-4.0.3/platforms/linux64GccDPInt32Opt/lib:/home/scottlevie/foam/foam-extend-4.1/ThirdParty/packages/metis-5.1.0/platforms/linux64GccDPInt32Opt/lib:/home/scottlevie/foam/foam-extend-4.1/ThirdParty/packages/mesquite-2.3.0/platforms/linux64GccDPInt32Opt/lib:/home/scottlevie/foam/foam-extend-4.1/ThirdParty/packages/openmpi-1.8.8/platforms/linux64GccDPInt32Opt/lib:/home/scottlevie/foam/scottlevie-4.1/lib/linux64GccDPInt32Opt:/home/scottlevie/foam/site/4.1/lib/linux64GccDPInt32Opt:/home/scottlevie/foam/foam-extend-4.1/lib/linux64GccDPInt32Opt
2023-07-31 17:34:31.376057: W tensorflow/compiler/xla/stream_executor/platform/default/dso_loader.cc:64] Could not load dynamic library 'libnvinfer_plugin.so.7'; dlerror: libnvinfer_plugin.so.7: cannot open shared object file: No such file or directory; LD_LIBRARY_PATH: /home/scottlevie/foam/geo32/src/geochemistryUT/phreeqcrm/lib:/home/scottlevie/foam/foam-extend-4.1/ThirdParty/packages/trilinos/lib:/home/scottlevie/foam/foam-extend-4.1/ThirdParty/packages/lapack/lib:/home/scottlevie/foam/foam-extend-4.1/ThirdParty/packages/superlu_dist-5.0.0/lib:/home/scottlevie/foam/foam-extend-4.1/ThirdParty/packages/scotch-6.0.4/platforms/linux64GccDPInt32Opt/lib:/home/scottlevie/foam/foam-extend-4.1/ThirdParty/packages/libccmio-2.6.1/platforms/linux64GccDPInt32Opt/lib:/home/scottlevie/foam/foam-extend-4.1/ThirdParty/packages/ParMGridGen-1.0/platforms/linux64GccDPInt32Opt/lib:/home/scottlevie/foam/foam-extend-4.1/ThirdParty/packages/parmetis-4.0.3/platforms/linux64GccDPInt32Opt/lib:/home/scottlevie/foam/foam-extend-4.1/ThirdParty/packages/metis-5.1.0/platforms/linux64GccDPInt32Opt/lib:/home/scottlevie/foam/foam-extend-4.1/ThirdParty/packages/mesquite-2.3.0/platforms/linux64GccDPInt32Opt/lib:/home/scottlevie/foam/foam-extend-4.1/ThirdParty/packages/openmpi-1.8.8/platforms/linux64GccDPInt32Opt/lib:/home/scottlevie/foam/scottlevie-4.1/lib/linux64GccDPInt32Opt:/home/scottlevie/foam/site/4.1/lib/linux64GccDPInt32Opt:/home/scottlevie/foam/foam-extend-4.1/lib/linux64GccDPInt32Opt
2023-07-31 17:34:31.376062: W tensorflow/compiler/tf2tensorrt/utils/py_utils.cc:38] TF-TRT Warning: Cannot dlopen some TensorRT libraries. If you would like to use Nvidia GPU with TensorRT, please make sure the missing libraries mentioned above are installed properly.
2023-07-31 17:34:32.665282: I tensorflow/compiler/xla/stream_executor/cuda/cuda_gpu_executor.cc:967] could not open file to read NUMA node: /sys/bus/pci/devices/0000:01:00.0/numa_node
Your kernel may have been built without NUMA support.
2023-07-31 17:34:32.665557: W tensorflow/compiler/xla/stream_executor/platform/default/dso_loader.cc:64] Could not load dynamic library 'libcudart.so.11.0'; dlerror: libcudart.so.11.0: cannot open shared object file: No such file or directory; LD_LIBRARY_PATH: /home/scottlevie/foam/geo32/src/geochemistryUT/phreeqcrm/lib:/home/scottlevie/foam/foam-extend-4.1/ThirdParty/packages/trilinos/lib:/home/scottlevie/foam/foam-extend-4.1/ThirdParty/packages/lapack/lib:/home/scottlevie/foam/foam-extend-4.1/ThirdParty/packages/superlu_dist-5.0.0/lib:/home/scottlevie/foam/foam-extend-4.1/ThirdParty/packages/scotch-6.0.4/platforms/linux64GccDPInt32Opt/lib:/home/scottlevie/foam/foam-extend-4.1/ThirdParty/packages/libccmio-2.6.1/platforms/linux64GccDPInt32Opt/lib:/home/scottlevie/foam/foam-extend-4.1/ThirdParty/packages/ParMGridGen-1.0/platforms/linux64GccDPInt32Opt/lib:/home/scottlevie/foam/foam-extend-4.1/ThirdParty/packages/parmetis-4.0.3/platforms/linux64GccDPInt32Opt/lib:/home/scottlevie/foam/foam-extend-4.1/ThirdParty/packages/metis-5.1.0/platforms/linux64GccDPInt32Opt/lib:/home/scottlevie/foam/foam-extend-4.1/ThirdParty/packages/mesquite-2.3.0/platforms/linux64GccDPInt32Opt/lib:/home/scottlevie/foam/foam-extend-4.1/ThirdParty/packages/openmpi-1.8.8/platforms/linux64GccDPInt32Opt/lib:/home/scottlevie/foam/scottlevie-4.1/lib/linux64GccDPInt32Opt:/home/scottlevie/foam/site/4.1/lib/linux64GccDPInt32Opt:/home/scottlevie/foam/foam-extend-4.1/lib/linux64GccDPInt32Opt
2023-07-31 17:34:32.665681: W tensorflow/compiler/xla/stream_executor/platform/default/dso_loader.cc:64] Could not load dynamic library 'libcublas.so.11'; dlerror: libcublas.so.11: cannot open shared object file: No such file or directory; LD_LIBRARY_PATH: /home/scottlevie/foam/geo32/src/geochemistryUT/phreeqcrm/lib:/home/scottlevie/foam/foam-extend-4.1/ThirdParty/packages/trilinos/lib:/home/scottlevie/foam/foam-extend-4.1/ThirdParty/packages/lapack/lib:/home/scottlevie/foam/foam-extend-4.1/ThirdParty/packages/superlu_dist-5.0.0/lib:/home/scottlevie/foam/foam-extend-4.1/ThirdParty/packages/scotch-6.0.4/platforms/linux64GccDPInt32Opt/lib:/home/scottlevie/foam/foam-extend-4.1/ThirdParty/packages/libccmio-2.6.1/platforms/linux64GccDPInt32Opt/lib:/home/scottlevie/foam/foam-extend-4.1/ThirdParty/packages/ParMGridGen-1.0/platforms/linux64GccDPInt32Opt/lib:/home/scottlevie/foam/foam-extend-4.1/ThirdParty/packages/parmetis-4.0.3/platforms/linux64GccDPInt32Opt/lib:/home/scottlevie/foam/foam-extend-4.1/ThirdParty/packages/metis-5.1.0/platforms/linux64GccDPInt32Opt/lib:/home/scottlevie/foam/foam-extend-4.1/ThirdParty/packages/mesquite-2.3.0/platforms/linux64GccDPInt32Opt/lib:/home/scottlevie/foam/foam-extend-4.1/ThirdParty/packages/openmpi-1.8.8/platforms/linux64GccDPInt32Opt/lib:/home/scottlevie/foam/scottlevie-4.1/lib/linux64GccDPInt32Opt:/home/scottlevie/foam/site/4.1/lib/linux64GccDPInt32Opt:/home/scottlevie/foam/foam-extend-4.1/lib/linux64GccDPInt32Opt
2023-07-31 17:34:32.665763: W tensorflow/compiler/xla/stream_executor/platform/default/dso_loader.cc:64] Could not load dynamic library 'libcublasLt.so.11'; dlerror: libcublasLt.so.11: cannot open shared object file: No such file or directory; LD_LIBRARY_PATH: /home/scottlevie/foam/geo32/src/geochemistryUT/phreeqcrm/lib:/home/scottlevie/foam/foam-extend-4.1/ThirdParty/packages/trilinos/lib:/home/scottlevie/foam/foam-extend-4.1/ThirdParty/packages/lapack/lib:/home/scottlevie/foam/foam-extend-4.1/ThirdParty/packages/superlu_dist-5.0.0/lib:/home/scottlevie/foam/foam-extend-4.1/ThirdParty/packages/scotch-6.0.4/platforms/linux64GccDPInt32Opt/lib:/home/scottlevie/foam/foam-extend-4.1/ThirdParty/packages/libccmio-2.6.1/platforms/linux64GccDPInt32Opt/lib:/home/scottlevie/foam/foam-extend-4.1/ThirdParty/packages/ParMGridGen-1.0/platforms/linux64GccDPInt32Opt/lib:/home/scottlevie/foam/foam-extend-4.1/ThirdParty/packages/parmetis-4.0.3/platforms/linux64GccDPInt32Opt/lib:/home/scottlevie/foam/foam-extend-4.1/ThirdParty/packages/metis-5.1.0/platforms/linux64GccDPInt32Opt/lib:/home/scottlevie/foam/foam-extend-4.1/ThirdParty/packages/mesquite-2.3.0/platforms/linux64GccDPInt32Opt/lib:/home/scottlevie/foam/foam-extend-4.1/ThirdParty/packages/openmpi-1.8.8/platforms/linux64GccDPInt32Opt/lib:/home/scottlevie/foam/scottlevie-4.1/lib/linux64GccDPInt32Opt:/home/scottlevie/foam/site/4.1/lib/linux64GccDPInt32Opt:/home/scottlevie/foam/foam-extend-4.1/lib/linux64GccDPInt32Opt
2023-07-31 17:34:32.665824: W tensorflow/compiler/xla/stream_executor/platform/default/dso_loader.cc:64] Could not load dynamic library 'libcufft.so.10'; dlerror: libcufft.so.10: cannot open shared object file: No such file or directory; LD_LIBRARY_PATH: /home/scottlevie/foam/geo32/src/geochemistryUT/phreeqcrm/lib:/home/scottlevie/foam/foam-extend-4.1/ThirdParty/packages/trilinos/lib:/home/scottlevie/foam/foam-extend-4.1/ThirdParty/packages/lapack/lib:/home/scottlevie/foam/foam-extend-4.1/ThirdParty/packages/superlu_dist-5.0.0/lib:/home/scottlevie/foam/foam-extend-4.1/ThirdParty/packages/scotch-6.0.4/platforms/linux64GccDPInt32Opt/lib:/home/scottlevie/foam/foam-extend-4.1/ThirdParty/packages/libccmio-2.6.1/platforms/linux64GccDPInt32Opt/lib:/home/scottlevie/foam/foam-extend-4.1/ThirdParty/packages/ParMGridGen-1.0/platforms/linux64GccDPInt32Opt/lib:/home/scottlevie/foam/foam-extend-4.1/ThirdParty/packages/parmetis-4.0.3/platforms/linux64GccDPInt32Opt/lib:/home/scottlevie/foam/foam-extend-4.1/ThirdParty/packages/metis-5.1.0/platforms/linux64GccDPInt32Opt/lib:/home/scottlevie/foam/foam-extend-4.1/ThirdParty/packages/mesquite-2.3.0/platforms/linux64GccDPInt32Opt/lib:/home/scottlevie/foam/foam-extend-4.1/ThirdParty/packages/openmpi-1.8.8/platforms/linux64GccDPInt32Opt/lib:/home/scottlevie/foam/scottlevie-4.1/lib/linux64GccDPInt32Opt:/home/scottlevie/foam/site/4.1/lib/linux64GccDPInt32Opt:/home/scottlevie/foam/foam-extend-4.1/lib/linux64GccDPInt32Opt
2023-07-31 17:34:32.702137: W tensorflow/compiler/xla/stream_executor/platform/default/dso_loader.cc:64] Could not load dynamic library 'libcusparse.so.11'; dlerror: libcusparse.so.11: cannot open shared object file: No such file or directory; LD_LIBRARY_PATH: /home/scottlevie/foam/geo32/src/geochemistryUT/phreeqcrm/lib:/home/scottlevie/foam/foam-extend-4.1/ThirdParty/packages/trilinos/lib:/home/scottlevie/foam/foam-extend-4.1/ThirdParty/packages/lapack/lib:/home/scottlevie/foam/foam-extend-4.1/ThirdParty/packages/superlu_dist-5.0.0/lib:/home/scottlevie/foam/foam-extend-4.1/ThirdParty/packages/scotch-6.0.4/platforms/linux64GccDPInt32Opt/lib:/home/scottlevie/foam/foam-extend-4.1/ThirdParty/packages/libccmio-2.6.1/platforms/linux64GccDPInt32Opt/lib:/home/scottlevie/foam/foam-extend-4.1/ThirdParty/packages/ParMGridGen-1.0/platforms/linux64GccDPInt32Opt/lib:/home/scottlevie/foam/foam-extend-4.1/ThirdParty/packages/parmetis-4.0.3/platforms/linux64GccDPInt32Opt/lib:/home/scottlevie/foam/foam-extend-4.1/ThirdParty/packages/metis-5.1.0/platforms/linux64GccDPInt32Opt/lib:/home/scottlevie/foam/foam-extend-4.1/ThirdParty/packages/mesquite-2.3.0/platforms/linux64GccDPInt32Opt/lib:/home/scottlevie/foam/foam-extend-4.1/ThirdParty/packages/openmpi-1.8.8/platforms/linux64GccDPInt32Opt/lib:/home/scottlevie/foam/scottlevie-4.1/lib/linux64GccDPInt32Opt:/home/scottlevie/foam/site/4.1/lib/linux64GccDPInt32Opt:/home/scottlevie/foam/foam-extend-4.1/lib/linux64GccDPInt32Opt
2023-07-31 17:34:32.702239: W tensorflow/compiler/xla/stream_executor/platform/default/dso_loader.cc:64] Could not load dynamic library 'libcudnn.so.8'; dlerror: libcudnn.so.8: cannot open shared object file: No such file or directory; LD_LIBRARY_PATH: /home/scottlevie/foam/geo32/src/geochemistryUT/phreeqcrm/lib:/home/scottlevie/foam/foam-extend-4.1/ThirdParty/packages/trilinos/lib:/home/scottlevie/foam/foam-extend-4.1/ThirdParty/packages/lapack/lib:/home/scottlevie/foam/foam-extend-4.1/ThirdParty/packages/superlu_dist-5.0.0/lib:/home/scottlevie/foam/foam-extend-4.1/ThirdParty/packages/scotch-6.0.4/platforms/linux64GccDPInt32Opt/lib:/home/scottlevie/foam/foam-extend-4.1/ThirdParty/packages/libccmio-2.6.1/platforms/linux64GccDPInt32Opt/lib:/home/scottlevie/foam/foam-extend-4.1/ThirdParty/packages/ParMGridGen-1.0/platforms/linux64GccDPInt32Opt/lib:/home/scottlevie/foam/foam-extend-4.1/ThirdParty/packages/parmetis-4.0.3/platforms/linux64GccDPInt32Opt/lib:/home/scottlevie/foam/foam-extend-4.1/ThirdParty/packages/metis-5.1.0/platforms/linux64GccDPInt32Opt/lib:/home/scottlevie/foam/foam-extend-4.1/ThirdParty/packages/mesquite-2.3.0/platforms/linux64GccDPInt32Opt/lib:/home/scottlevie/foam/foam-extend-4.1/ThirdParty/packages/openmpi-1.8.8/platforms/linux64GccDPInt32Opt/lib:/home/scottlevie/foam/scottlevie-4.1/lib/linux64GccDPInt32Opt:/home/scottlevie/foam/site/4.1/lib/linux64GccDPInt32Opt:/home/scottlevie/foam/foam-extend-4.1/lib/linux64GccDPInt32Opt
2023-07-31 17:34:32.702251: W tensorflow/core/common_runtime/gpu/gpu_device.cc:1934] Cannot dlopen some GPU libraries. Please make sure the missing libraries mentioned above are installed properly if you would like to use GPU. Follow the guide at https://www.tensorflow.org/install/gpu for how to download and setup the required libraries for your platform.
Skipping registering GPU devices...
2023-07-31 17:34:32.702666: I tensorflow/core/platform/cpu_feature_guard.cc:193] This TensorFlow binary is optimized with oneAPI Deep Neural Network Library (oneDNN) to use the following CPU instructions in performance-critical operations:  AVX2 AVX512F AVX512_VNNI FMA
To enable them in other operations, rebuild TensorFlow with the appropriate compiler flags.

 ML Settings: 

filepath1: ../coarse_mesh/base/

trainIterations: 20

Timestepsize: 1

maxtimestep: 1

[ 0.          0.         -1.21952805  0.71214729 -1.46931707 -1.34721685
  0.51656919 -0.76944339 -1.38495114  0.40226632 -0.31837058 -1.42375537
  0.34211555 -0.00267304 -1.45175249  0.30753364  0.21875162 -1.47626864
  0.28403517  0.39143836 -1.49813498  0.26796706  0.53286603 -1.51915222
  0.25609129  0.65432024 -1.53877228  0.24709354  0.76016805 -1.5571066
  0.23996752  0.85419236 -1.57493701  0.23420088  0.93941814 -1.59225021
  0.22934363  1.01764493 -1.60942785  0.22532568  1.09034719 -1.62598496
  0.22181721  1.15823502 -1.64189811  0.21850575  1.22188815 -1.65700464
  0.21559478  1.28114782 -1.67176977  0.21309646  1.33703935 -1.68609442
  0.21095973  1.3898858  -1.70003208  0.20914225  1.44002092 -1.71358366] [ 0.2478491   2.96963692 -2.33769068]
Epoch 1/500
33/33 - 0s - loss: 0.2089 - 458ms/epoch - 14ms/step
Epoch 2/500
33/33 - 0s - loss: 0.0202 - 50ms/epoch - 2ms/step
Epoch 3/500
33/33 - 0s - loss: 0.0109 - 46ms/epoch - 1ms/step
Epoch 4/500
33/33 - 0s - loss: 0.0081 - 34ms/epoch - 1ms/step
Epoch 5/500
33/33 - 0s - loss: 0.0073 - 34ms/epoch - 1ms/step
Epoch 6/500
33/33 - 0s - loss: 0.0070 - 34ms/epoch - 1ms/step
Epoch 7/500
33/33 - 0s - loss: 0.0052 - 33ms/epoch - 1ms/step
Epoch 8/500
33/33 - 0s - loss: 0.0045 - 34ms/epoch - 1ms/step
Epoch 9/500
33/33 - 0s - loss: 0.0048 - 36ms/epoch - 1ms/step
Epoch 10/500
33/33 - 0s - loss: 0.0038 - 36ms/epoch - 1ms/step
Epoch 11/500
33/33 - 0s - loss: 0.0034 - 36ms/epoch - 1ms/step
Epoch 12/500
33/33 - 0s - loss: 0.0039 - 35ms/epoch - 1ms/step
Epoch 13/500
33/33 - 0s - loss: 0.0038 - 35ms/epoch - 1ms/step
Epoch 14/500
33/33 - 0s - loss: 0.0039 - 35ms/epoch - 1ms/step
Epoch 15/500
33/33 - 0s - loss: 0.0029 - 36ms/epoch - 1ms/step
Epoch 16/500
33/33 - 0s - loss: 0.0027 - 34ms/epoch - 1ms/step
Epoch 17/500
33/33 - 0s - loss: 0.0034 - 34ms/epoch - 1ms/step
Epoch 18/500
33/33 - 0s - loss: 0.0025 - 36ms/epoch - 1ms/step
Epoch 19/500
33/33 - 0s - loss: 0.0019 - 34ms/epoch - 1ms/step
Epoch 20/500
33/33 - 0s - loss: 0.0028 - 33ms/epoch - 1ms/step
Epoch 21/500
33/33 - 0s - loss: 0.0028 - 33ms/epoch - 1ms/step
Epoch 22/500
33/33 - 0s - loss: 0.0024 - 33ms/epoch - 1ms/step
Epoch 23/500
33/33 - 0s - loss: 0.0026 - 34ms/epoch - 1ms/step
Epoch 24/500
33/33 - 0s - loss: 0.0019 - 44ms/epoch - 1ms/step
Epoch 25/500
33/33 - 0s - loss: 0.0022 - 37ms/epoch - 1ms/step
Epoch 26/500
33/33 - 0s - loss: 0.0026 - 34ms/epoch - 1ms/step
Epoch 27/500
33/33 - 0s - loss: 0.0021 - 33ms/epoch - 1ms/step
Epoch 28/500
33/33 - 0s - loss: 0.0020 - 32ms/epoch - 977us/step
Epoch 29/500
33/33 - 0s - loss: 0.0020 - 33ms/epoch - 999us/step
Epoch 30/500
33/33 - 0s - loss: 0.0016 - 33ms/epoch - 987us/step
Epoch 31/500
33/33 - 0s - loss: 0.0014 - 33ms/epoch - 997us/step
Epoch 32/500
33/33 - 0s - loss: 0.0021 - 32ms/epoch - 959us/step
Epoch 33/500
33/33 - 0s - loss: 0.0017 - 32ms/epoch - 960us/step
Epoch 34/500
33/33 - 0s - loss: 0.0013 - 33ms/epoch - 996us/step
Epoch 35/500
33/33 - 0s - loss: 0.0015 - 34ms/epoch - 1ms/step
Epoch 36/500
33/33 - 0s - loss: 0.0017 - 33ms/epoch - 992us/step
Epoch 37/500
33/33 - 0s - loss: 0.0042 - 34ms/epoch - 1ms/step
Epoch 38/500
33/33 - 0s - loss: 0.0042 - 32ms/epoch - 981us/step
Epoch 39/500
33/33 - 0s - loss: 0.0025 - 32ms/epoch - 985us/step
Epoch 40/500
33/33 - 0s - loss: 0.0020 - 33ms/epoch - 1ms/step
Epoch 41/500
33/33 - 0s - loss: 0.0024 - 33ms/epoch - 1ms/step
Epoch 42/500
33/33 - 0s - loss: 0.0026 - 32ms/epoch - 973us/step
Epoch 43/500
33/33 - 0s - loss: 0.0015 - 33ms/epoch - 1ms/step
Epoch 44/500
33/33 - 0s - loss: 0.0010 - 32ms/epoch - 974us/step
Epoch 45/500
33/33 - 0s - loss: 0.0013 - 33ms/epoch - 1ms/step
Epoch 46/500
33/33 - 0s - loss: 0.0014 - 33ms/epoch - 994us/step
Epoch 47/500
33/33 - 0s - loss: 0.0022 - 33ms/epoch - 1ms/step
Epoch 48/500
33/33 - 0s - loss: 0.0023 - 33ms/epoch - 1ms/step
Epoch 49/500
33/33 - 0s - loss: 0.0024 - 34ms/epoch - 1ms/step
Epoch 50/500
33/33 - 0s - loss: 0.0017 - 33ms/epoch - 1ms/step
Epoch 51/500
33/33 - 0s - loss: 0.0013 - 33ms/epoch - 988us/step
Epoch 52/500
33/33 - 0s - loss: 0.0019 - 33ms/epoch - 994us/step
Epoch 53/500
33/33 - 0s - loss: 0.0018 - 33ms/epoch - 992us/step
Epoch 54/500
33/33 - 0s - loss: 0.0018 - 33ms/epoch - 985us/step
Epoch 55/500
33/33 - 0s - loss: 0.0016 - 33ms/epoch - 985us/step
Epoch 56/500
33/33 - 0s - loss: 0.0020 - 32ms/epoch - 960us/step
Epoch 57/500
33/33 - 0s - loss: 0.0023 - 33ms/epoch - 1ms/step
Epoch 58/500
33/33 - 0s - loss: 0.0021 - 32ms/epoch - 976us/step
Epoch 59/500
33/33 - 0s - loss: 0.0019 - 32ms/epoch - 965us/step
Epoch 60/500
33/33 - 0s - loss: 0.0013 - 32ms/epoch - 984us/step
Epoch 61/500
33/33 - 0s - loss: 0.0016 - 33ms/epoch - 990us/step
Epoch 62/500
33/33 - 0s - loss: 0.0011 - 32ms/epoch - 967us/step
Epoch 63/500
33/33 - 0s - loss: 9.2298e-04 - 31ms/epoch - 945us/step
Epoch 64/500
33/33 - 0s - loss: 0.0011 - 31ms/epoch - 953us/step
Epoch 65/500
33/33 - 0s - loss: 0.0013 - 32ms/epoch - 978us/step
Epoch 66/500
33/33 - 0s - loss: 0.0011 - 32ms/epoch - 967us/step
Epoch 67/500
33/33 - 0s - loss: 9.1066e-04 - 32ms/epoch - 970us/step
Epoch 68/500
33/33 - 0s - loss: 8.1820e-04 - 32ms/epoch - 969us/step
Epoch 69/500
33/33 - 0s - loss: 0.0011 - 32ms/epoch - 973us/step
Epoch 70/500
33/33 - 0s - loss: 8.1951e-04 - 32ms/epoch - 973us/step
Epoch 71/500
33/33 - 0s - loss: 6.2332e-04 - 32ms/epoch - 962us/step
Epoch 72/500
33/33 - 0s - loss: 5.8224e-04 - 33ms/epoch - 1ms/step
Epoch 73/500
33/33 - 0s - loss: 0.0013 - 34ms/epoch - 1ms/step
Epoch 74/500
33/33 - 0s - loss: 0.0011 - 33ms/epoch - 999us/step
Epoch 75/500
33/33 - 0s - loss: 0.0012 - 32ms/epoch - 979us/step
Epoch 76/500
33/33 - 0s - loss: 0.0019 - 32ms/epoch - 960us/step
Epoch 77/500
33/33 - 0s - loss: 0.0022 - 33ms/epoch - 1ms/step
Epoch 78/500
33/33 - 0s - loss: 0.0014 - 33ms/epoch - 991us/step
Epoch 79/500
33/33 - 0s - loss: 9.2510e-04 - 33ms/epoch - 986us/step
Epoch 80/500
33/33 - 0s - loss: 8.3649e-04 - 33ms/epoch - 1ms/step
Epoch 81/500
33/33 - 0s - loss: 8.0278e-04 - 32ms/epoch - 984us/step
Epoch 82/500
33/33 - 0s - loss: 0.0012 - 33ms/epoch - 993us/step
Epoch 83/500
33/33 - 0s - loss: 0.0017 - 34ms/epoch - 1ms/step
Epoch 84/500
33/33 - 0s - loss: 0.0027 - 33ms/epoch - 1ms/step
Epoch 85/500
33/33 - 0s - loss: 0.0018 - 33ms/epoch - 1ms/step
Epoch 86/500
33/33 - 0s - loss: 0.0015 - 33ms/epoch - 999us/step
Epoch 87/500
33/33 - 0s - loss: 0.0011 - 33ms/epoch - 1000us/step
Epoch 88/500
33/33 - 0s - loss: 0.0011 - 33ms/epoch - 988us/step
Epoch 89/500
33/33 - 0s - loss: 0.0011 - 32ms/epoch - 976us/step
Epoch 90/500
33/33 - 0s - loss: 0.0017 - 33ms/epoch - 999us/step
Epoch 91/500
33/33 - 0s - loss: 0.0020 - 34ms/epoch - 1ms/step
Epoch 92/500
33/33 - 0s - loss: 0.0017 - 33ms/epoch - 994us/step
Epoch 93/500
33/33 - 0s - loss: 0.0014 - 33ms/epoch - 1ms/step
Epoch 94/500
33/33 - 0s - loss: 0.0011 - 33ms/epoch - 1ms/step
Epoch 95/500
33/33 - 0s - loss: 9.8972e-04 - 34ms/epoch - 1ms/step
Epoch 96/500
33/33 - 0s - loss: 8.2779e-04 - 35ms/epoch - 1ms/step
Epoch 97/500
33/33 - 0s - loss: 7.4541e-04 - 35ms/epoch - 1ms/step
Epoch 98/500
33/33 - 0s - loss: 9.3949e-04 - 35ms/epoch - 1ms/step
Epoch 99/500
33/33 - 0s - loss: 8.5946e-04 - 36ms/epoch - 1ms/step
Epoch 100/500
33/33 - 0s - loss: 9.0555e-04 - 36ms/epoch - 1ms/step
Epoch 101/500
33/33 - 0s - loss: 9.3328e-04 - 35ms/epoch - 1ms/step
Epoch 102/500
33/33 - 0s - loss: 6.3071e-04 - 37ms/epoch - 1ms/step
Epoch 103/500
33/33 - 0s - loss: 5.4324e-04 - 33ms/epoch - 1ms/step
Epoch 104/500
33/33 - 0s - loss: 7.8984e-04 - 35ms/epoch - 1ms/step
Epoch 105/500
33/33 - 0s - loss: 0.0012 - 39ms/epoch - 1ms/step
Epoch 106/500
33/33 - 0s - loss: 0.0012 - 40ms/epoch - 1ms/step
Epoch 107/500
33/33 - 0s - loss: 0.0013 - 37ms/epoch - 1ms/step
Epoch 108/500
33/33 - 0s - loss: 0.0018 - 41ms/epoch - 1ms/step
Epoch 109/500
33/33 - 0s - loss: 0.0015 - 43ms/epoch - 1ms/step
Epoch 110/500
33/33 - 0s - loss: 8.8392e-04 - 37ms/epoch - 1ms/step
Epoch 111/500
33/33 - 0s - loss: 0.0012 - 37ms/epoch - 1ms/step
Epoch 112/500
33/33 - 0s - loss: 0.0010 - 37ms/epoch - 1ms/step
Epoch 113/500
33/33 - 0s - loss: 6.7996e-04 - 37ms/epoch - 1ms/step
Epoch 114/500
33/33 - 0s - loss: 7.1548e-04 - 37ms/epoch - 1ms/step
Epoch 115/500
33/33 - 0s - loss: 6.4227e-04 - 37ms/epoch - 1ms/step
Epoch 116/500
33/33 - 0s - loss: 4.3831e-04 - 36ms/epoch - 1ms/step
Epoch 117/500
33/33 - 0s - loss: 3.2415e-04 - 35ms/epoch - 1ms/step
Epoch 118/500
33/33 - 0s - loss: 4.1934e-04 - 35ms/epoch - 1ms/step
Epoch 119/500
33/33 - 0s - loss: 8.9389e-04 - 35ms/epoch - 1ms/step
Epoch 120/500
33/33 - 0s - loss: 0.0036 - 35ms/epoch - 1ms/step
Epoch 121/500
33/33 - 0s - loss: 0.0026 - 33ms/epoch - 1ms/step
Epoch 122/500
33/33 - 0s - loss: 0.0016 - 34ms/epoch - 1ms/step
Epoch 123/500
33/33 - 0s - loss: 0.0057 - 34ms/epoch - 1ms/step
Epoch 124/500
33/33 - 0s - loss: 0.0036 - 34ms/epoch - 1ms/step
Epoch 125/500
33/33 - 0s - loss: 0.0020 - 34ms/epoch - 1ms/step
Epoch 126/500
33/33 - 0s - loss: 0.0010 - 33ms/epoch - 1ms/step
Epoch 127/500
33/33 - 0s - loss: 7.3802e-04 - 33ms/epoch - 1ms/step
Epoch 128/500
33/33 - 0s - loss: 7.7587e-04 - 34ms/epoch - 1ms/step
Epoch 129/500
33/33 - 0s - loss: 0.0011 - 33ms/epoch - 1ms/step
Epoch 130/500
33/33 - 0s - loss: 7.2360e-04 - 33ms/epoch - 996us/step
Epoch 131/500
33/33 - 0s - loss: 5.3591e-04 - 33ms/epoch - 1ms/step
Epoch 132/500
33/33 - 0s - loss: 5.7390e-04 - 36ms/epoch - 1ms/step
Epoch 133/500
33/33 - 0s - loss: 4.9929e-04 - 34ms/epoch - 1ms/step
Epoch 134/500
33/33 - 0s - loss: 8.2244e-04 - 32ms/epoch - 983us/step
Epoch 135/500
33/33 - 0s - loss: 0.0016 - 33ms/epoch - 996us/step
Epoch 136/500
33/33 - 0s - loss: 0.0013 - 33ms/epoch - 1ms/step
Epoch 137/500
33/33 - 0s - loss: 7.2873e-04 - 33ms/epoch - 998us/step
Epoch 138/500
33/33 - 0s - loss: 5.3559e-04 - 33ms/epoch - 995us/step
Epoch 139/500
33/33 - 0s - loss: 5.1254e-04 - 33ms/epoch - 995us/step
Epoch 140/500
33/33 - 0s - loss: 5.5422e-04 - 34ms/epoch - 1ms/step
Epoch 141/500
33/33 - 0s - loss: 4.7133e-04 - 34ms/epoch - 1ms/step
Epoch 142/500
33/33 - 0s - loss: 4.1274e-04 - 33ms/epoch - 998us/step
Epoch 143/500
33/33 - 0s - loss: 4.3929e-04 - 33ms/epoch - 996us/step
Epoch 144/500
33/33 - 0s - loss: 4.5295e-04 - 33ms/epoch - 1ms/step
Epoch 145/500
33/33 - 0s - loss: 3.8384e-04 - 34ms/epoch - 1ms/step
Epoch 146/500
33/33 - 0s - loss: 3.4839e-04 - 35ms/epoch - 1ms/step
Epoch 147/500
33/33 - 0s - loss: 7.9438e-04 - 33ms/epoch - 1ms/step
Epoch 148/500
33/33 - 0s - loss: 9.9199e-04 - 34ms/epoch - 1ms/step
Epoch 149/500
33/33 - 0s - loss: 0.0011 - 33ms/epoch - 1ms/step
Epoch 150/500
33/33 - 0s - loss: 9.0462e-04 - 33ms/epoch - 998us/step
Epoch 151/500
33/33 - 0s - loss: 0.0013 - 33ms/epoch - 1000us/step
Epoch 152/500
33/33 - 0s - loss: 0.0020 - 34ms/epoch - 1ms/step
Epoch 153/500
33/33 - 0s - loss: 0.0011 - 33ms/epoch - 986us/step
Epoch 154/500
33/33 - 0s - loss: 8.0705e-04 - 34ms/epoch - 1ms/step
Epoch 155/500
33/33 - 0s - loss: 5.6725e-04 - 33ms/epoch - 1ms/step
Epoch 156/500
33/33 - 0s - loss: 5.4520e-04 - 34ms/epoch - 1ms/step
Epoch 157/500
33/33 - 0s - loss: 8.3445e-04 - 34ms/epoch - 1ms/step
Epoch 158/500
33/33 - 0s - loss: 7.7575e-04 - 33ms/epoch - 1ms/step
Epoch 159/500
33/33 - 0s - loss: 5.1352e-04 - 33ms/epoch - 986us/step
Epoch 160/500
33/33 - 0s - loss: 0.0016 - 33ms/epoch - 1ms/step
Epoch 161/500
33/33 - 0s - loss: 0.0020 - 33ms/epoch - 993us/step
Epoch 162/500
33/33 - 0s - loss: 9.2765e-04 - 33ms/epoch - 1ms/step
Epoch 163/500
33/33 - 0s - loss: 6.9545e-04 - 33ms/epoch - 1ms/step
Epoch 164/500
33/33 - 0s - loss: 7.7258e-04 - 33ms/epoch - 1ms/step
Epoch 165/500
33/33 - 0s - loss: 4.5228e-04 - 33ms/epoch - 997us/step
Epoch 166/500
33/33 - 0s - loss: 6.7560e-04 - 33ms/epoch - 1ms/step
Epoch 167/500
33/33 - 0s - loss: 9.4020e-04 - 33ms/epoch - 1ms/step
Epoch 168/500
33/33 - 0s - loss: 0.0011 - 34ms/epoch - 1ms/step
Epoch 169/500
33/33 - 0s - loss: 6.9690e-04 - 33ms/epoch - 992us/step
Epoch 170/500
33/33 - 0s - loss: 8.0501e-04 - 33ms/epoch - 1ms/step
Epoch 171/500
33/33 - 0s - loss: 0.0010 - 34ms/epoch - 1ms/step
Epoch 172/500
33/33 - 0s - loss: 7.0798e-04 - 33ms/epoch - 999us/step
Epoch 173/500
33/33 - 0s - loss: 5.0869e-04 - 33ms/epoch - 999us/step
Epoch 174/500
33/33 - 0s - loss: 2.9571e-04 - 33ms/epoch - 994us/step
Epoch 175/500
33/33 - 0s - loss: 3.6185e-04 - 34ms/epoch - 1ms/step
Epoch 176/500
33/33 - 0s - loss: 3.4682e-04 - 34ms/epoch - 1ms/step
Epoch 177/500
33/33 - 0s - loss: 2.9207e-04 - 33ms/epoch - 1ms/step
Epoch 178/500
33/33 - 0s - loss: 2.6198e-04 - 33ms/epoch - 998us/step
Epoch 179/500
33/33 - 0s - loss: 2.2453e-04 - 33ms/epoch - 991us/step
Epoch 180/500
33/33 - 0s - loss: 2.2164e-04 - 33ms/epoch - 995us/step
Epoch 181/500
33/33 - 0s - loss: 1.9501e-04 - 32ms/epoch - 982us/step
Epoch 182/500
33/33 - 0s - loss: 2.6291e-04 - 33ms/epoch - 1ms/step
Epoch 183/500
33/33 - 0s - loss: 3.6542e-04 - 34ms/epoch - 1ms/step
Epoch 184/500
33/33 - 0s - loss: 5.6195e-04 - 33ms/epoch - 998us/step
Epoch 185/500
33/33 - 0s - loss: 6.4848e-04 - 33ms/epoch - 1ms/step
Epoch 186/500
33/33 - 0s - loss: 0.0011 - 34ms/epoch - 1ms/step
Epoch 187/500
33/33 - 0s - loss: 0.0011 - 35ms/epoch - 1ms/step
Epoch 188/500
33/33 - 0s - loss: 0.0016 - 34ms/epoch - 1ms/step
Epoch 189/500
33/33 - 0s - loss: 0.0022 - 33ms/epoch - 1ms/step
Epoch 190/500
33/33 - 0s - loss: 0.0016 - 33ms/epoch - 1ms/step
Epoch 191/500
33/33 - 0s - loss: 0.0019 - 32ms/epoch - 984us/step
Epoch 192/500
33/33 - 0s - loss: 0.0011 - 33ms/epoch - 997us/step
Epoch 193/500
33/33 - 0s - loss: 0.0010 - 33ms/epoch - 1ms/step
Epoch 194/500
33/33 - 0s - loss: 5.7924e-04 - 33ms/epoch - 994us/step
Epoch 195/500
33/33 - 0s - loss: 5.3742e-04 - 33ms/epoch - 1ms/step
Epoch 196/500
33/33 - 0s - loss: 4.0978e-04 - 33ms/epoch - 1ms/step
Epoch 197/500
33/33 - 0s - loss: 4.4494e-04 - 34ms/epoch - 1ms/step
Epoch 198/500
33/33 - 0s - loss: 3.7622e-04 - 33ms/epoch - 1ms/step
Epoch 199/500
33/33 - 0s - loss: 3.0875e-04 - 33ms/epoch - 994us/step
Epoch 200/500
33/33 - 0s - loss: 3.5850e-04 - 33ms/epoch - 1ms/step
Epoch 201/500
33/33 - 0s - loss: 3.3607e-04 - 34ms/epoch - 1ms/step
Epoch 202/500
33/33 - 0s - loss: 3.9631e-04 - 33ms/epoch - 1ms/step
Epoch 203/500
33/33 - 0s - loss: 3.6348e-04 - 33ms/epoch - 992us/step
Epoch 204/500
33/33 - 0s - loss: 4.1858e-04 - 33ms/epoch - 1ms/step
Epoch 205/500
33/33 - 0s - loss: 6.3222e-04 - 33ms/epoch - 992us/step
Epoch 206/500
33/33 - 0s - loss: 0.0010 - 32ms/epoch - 976us/step
Epoch 207/500
33/33 - 0s - loss: 0.0018 - 33ms/epoch - 991us/step
Epoch 208/500
33/33 - 0s - loss: 0.0020 - 33ms/epoch - 1ms/step
Epoch 209/500
33/33 - 0s - loss: 0.0012 - 33ms/epoch - 1ms/step
Epoch 210/500
33/33 - 0s - loss: 5.7660e-04 - 33ms/epoch - 1ms/step
Epoch 211/500
33/33 - 0s - loss: 5.4499e-04 - 35ms/epoch - 1ms/step
Epoch 212/500
33/33 - 0s - loss: 4.6128e-04 - 35ms/epoch - 1ms/step
Epoch 213/500
33/33 - 0s - loss: 3.6101e-04 - 34ms/epoch - 1ms/step
Epoch 214/500
33/33 - 0s - loss: 3.4631e-04 - 35ms/epoch - 1ms/step
Epoch 215/500
33/33 - 0s - loss: 3.9254e-04 - 33ms/epoch - 1ms/step
Epoch 216/500
33/33 - 0s - loss: 5.0542e-04 - 34ms/epoch - 1ms/step
Epoch 217/500
33/33 - 0s - loss: 2.3757e-04 - 34ms/epoch - 1ms/step
Epoch 218/500
33/33 - 0s - loss: 3.9704e-04 - 36ms/epoch - 1ms/step
Epoch 219/500
33/33 - 0s - loss: 6.4601e-04 - 34ms/epoch - 1ms/step
Epoch 220/500
33/33 - 0s - loss: 6.4106e-04 - 34ms/epoch - 1ms/step
Epoch 221/500
33/33 - 0s - loss: 7.4169e-04 - 33ms/epoch - 1ms/step
Epoch 222/500
33/33 - 0s - loss: 7.4886e-04 - 33ms/epoch - 1ms/step
Epoch 223/500
33/33 - 0s - loss: 6.6171e-04 - 32ms/epoch - 983us/step
Epoch 224/500
33/33 - 0s - loss: 5.9018e-04 - 32ms/epoch - 983us/step
Epoch 225/500
33/33 - 0s - loss: 3.3954e-04 - 33ms/epoch - 1ms/step
Epoch 226/500
33/33 - 0s - loss: 5.7573e-04 - 34ms/epoch - 1ms/step
Epoch 227/500
33/33 - 0s - loss: 7.4475e-04 - 34ms/epoch - 1ms/step
Epoch 228/500
33/33 - 0s - loss: 0.0010 - 33ms/epoch - 1ms/step
Epoch 229/500
33/33 - 0s - loss: 6.2940e-04 - 34ms/epoch - 1ms/step
Epoch 230/500
33/33 - 0s - loss: 4.7274e-04 - 36ms/epoch - 1ms/step
Epoch 231/500
33/33 - 0s - loss: 3.5669e-04 - 33ms/epoch - 997us/step
Epoch 232/500
33/33 - 0s - loss: 0.0012 - 33ms/epoch - 985us/step
Epoch 233/500
33/33 - 0s - loss: 0.0011 - 33ms/epoch - 1ms/step
Epoch 234/500
33/33 - 0s - loss: 6.9044e-04 - 33ms/epoch - 998us/step
Epoch 235/500
33/33 - 0s - loss: 3.9708e-04 - 33ms/epoch - 999us/step
Epoch 236/500
33/33 - 0s - loss: 4.2647e-04 - 33ms/epoch - 1ms/step
Epoch 237/500
33/33 - 0s - loss: 5.9523e-04 - 33ms/epoch - 1ms/step
Epoch 238/500
33/33 - 0s - loss: 6.9682e-04 - 33ms/epoch - 1ms/step
Epoch 239/500
33/33 - 0s - loss: 7.5309e-04 - 33ms/epoch - 1ms/step
Epoch 240/500
33/33 - 0s - loss: 6.7241e-04 - 33ms/epoch - 1ms/step
Epoch 241/500
33/33 - 0s - loss: 3.4215e-04 - 33ms/epoch - 1ms/step
Epoch 242/500
33/33 - 0s - loss: 3.1096e-04 - 34ms/epoch - 1ms/step
Epoch 243/500
33/33 - 0s - loss: 2.4827e-04 - 33ms/epoch - 1ms/step
Epoch 244/500
33/33 - 0s - loss: 3.1132e-04 - 34ms/epoch - 1ms/step
Epoch 245/500
33/33 - 0s - loss: 2.7235e-04 - 33ms/epoch - 1000us/step
Epoch 246/500
33/33 - 0s - loss: 2.4032e-04 - 34ms/epoch - 1ms/step
Epoch 247/500
33/33 - 0s - loss: 1.5200e-04 - 33ms/epoch - 1ms/step
Epoch 248/500
33/33 - 0s - loss: 1.5242e-04 - 34ms/epoch - 1ms/step
Epoch 249/500
33/33 - 0s - loss: 1.7734e-04 - 33ms/epoch - 992us/step
Epoch 250/500
33/33 - 0s - loss: 2.2693e-04 - 33ms/epoch - 997us/step
Epoch 251/500
33/33 - 0s - loss: 2.3717e-04 - 32ms/epoch - 984us/step
Epoch 252/500
33/33 - 0s - loss: 4.4714e-04 - 33ms/epoch - 996us/step
Epoch 253/500
33/33 - 0s - loss: 9.6427e-04 - 33ms/epoch - 987us/step
Epoch 254/500
33/33 - 0s - loss: 7.7259e-04 - 32ms/epoch - 985us/step
Epoch 255/500
33/33 - 0s - loss: 0.0012 - 33ms/epoch - 990us/step
Epoch 256/500
33/33 - 0s - loss: 0.0010 - 33ms/epoch - 1ms/step
Epoch 257/500
33/33 - 0s - loss: 5.6327e-04 - 34ms/epoch - 1ms/step
Epoch 258/500
33/33 - 0s - loss: 3.1597e-04 - 33ms/epoch - 1ms/step
Epoch 259/500
33/33 - 0s - loss: 1.9922e-04 - 33ms/epoch - 988us/step
Epoch 260/500
33/33 - 0s - loss: 2.3326e-04 - 32ms/epoch - 978us/step
Epoch 261/500
33/33 - 0s - loss: 2.5276e-04 - 33ms/epoch - 1ms/step
Epoch 262/500
33/33 - 0s - loss: 1.7965e-04 - 33ms/epoch - 996us/step
Epoch 263/500
33/33 - 0s - loss: 2.1474e-04 - 33ms/epoch - 989us/step
Epoch 264/500
33/33 - 0s - loss: 3.3246e-04 - 33ms/epoch - 988us/step
Epoch 265/500
33/33 - 0s - loss: 4.4235e-04 - 33ms/epoch - 1ms/step
Epoch 266/500
33/33 - 0s - loss: 4.3925e-04 - 32ms/epoch - 982us/step
Epoch 267/500
33/33 - 0s - loss: 5.3552e-04 - 33ms/epoch - 1ms/step
Epoch 268/500
33/33 - 0s - loss: 8.2934e-04 - 32ms/epoch - 968us/step
Epoch 269/500
33/33 - 0s - loss: 7.8745e-04 - 33ms/epoch - 997us/step
Epoch 270/500
33/33 - 0s - loss: 4.2776e-04 - 33ms/epoch - 988us/step
Epoch 271/500
33/33 - 0s - loss: 4.1737e-04 - 33ms/epoch - 997us/step
Epoch 272/500
33/33 - 0s - loss: 4.6537e-04 - 33ms/epoch - 1000us/step
Epoch 273/500
33/33 - 0s - loss: 5.4002e-04 - 33ms/epoch - 1000us/step
Epoch 274/500
33/33 - 0s - loss: 4.2805e-04 - 35ms/epoch - 1ms/step
Epoch 275/500
33/33 - 0s - loss: 3.6560e-04 - 33ms/epoch - 986us/step
Epoch 276/500
33/33 - 0s - loss: 2.7366e-04 - 32ms/epoch - 984us/step
Epoch 277/500
33/33 - 0s - loss: 2.4399e-04 - 33ms/epoch - 1ms/step
Epoch 278/500
33/33 - 0s - loss: 2.4478e-04 - 33ms/epoch - 1ms/step
Epoch 279/500
33/33 - 0s - loss: 2.2251e-04 - 33ms/epoch - 1ms/step
Epoch 280/500
33/33 - 0s - loss: 2.5028e-04 - 33ms/epoch - 1ms/step
Epoch 281/500
33/33 - 0s - loss: 2.3761e-04 - 34ms/epoch - 1ms/step
Epoch 282/500
33/33 - 0s - loss: 2.3202e-04 - 34ms/epoch - 1ms/step
Epoch 283/500
33/33 - 0s - loss: 3.2566e-04 - 34ms/epoch - 1ms/step
Epoch 284/500
33/33 - 0s - loss: 8.8263e-04 - 32ms/epoch - 983us/step
Epoch 285/500
33/33 - 0s - loss: 7.6479e-04 - 33ms/epoch - 995us/step
Epoch 286/500
33/33 - 0s - loss: 6.1259e-04 - 32ms/epoch - 983us/step
Epoch 287/500
33/33 - 0s - loss: 3.9946e-04 - 33ms/epoch - 993us/step
Epoch 288/500
33/33 - 0s - loss: 3.0558e-04 - 33ms/epoch - 987us/step
Epoch 289/500
33/33 - 0s - loss: 4.4119e-04 - 33ms/epoch - 992us/step
Epoch 290/500
33/33 - 0s - loss: 3.9006e-04 - 33ms/epoch - 988us/step
Epoch 291/500
33/33 - 0s - loss: 3.1892e-04 - 32ms/epoch - 982us/step
Epoch 292/500
33/33 - 0s - loss: 5.2160e-04 - 32ms/epoch - 983us/step
Epoch 293/500
33/33 - 0s - loss: 5.3160e-04 - 32ms/epoch - 971us/step
Epoch 294/500
33/33 - 0s - loss: 4.8264e-04 - 32ms/epoch - 974us/step
Epoch 295/500
33/33 - 0s - loss: 6.5665e-04 - 32ms/epoch - 970us/step
Epoch 296/500
33/33 - 0s - loss: 9.6982e-04 - 32ms/epoch - 963us/step
Epoch 297/500
33/33 - 0s - loss: 9.4914e-04 - 32ms/epoch - 970us/step
Epoch 298/500
33/33 - 0s - loss: 8.1803e-04 - 33ms/epoch - 988us/step
Epoch 299/500
33/33 - 0s - loss: 7.1529e-04 - 33ms/epoch - 999us/step
Epoch 300/500
33/33 - 0s - loss: 6.7424e-04 - 33ms/epoch - 996us/step
Epoch 301/500
33/33 - 0s - loss: 4.6350e-04 - 34ms/epoch - 1ms/step
Epoch 302/500
33/33 - 0s - loss: 5.0741e-04 - 33ms/epoch - 1ms/step
Epoch 303/500
33/33 - 0s - loss: 5.0702e-04 - 34ms/epoch - 1ms/step
Epoch 304/500
33/33 - 0s - loss: 4.3736e-04 - 34ms/epoch - 1ms/step
Epoch 305/500
33/33 - 0s - loss: 7.4565e-04 - 34ms/epoch - 1ms/step
Epoch 306/500
33/33 - 0s - loss: 6.9365e-04 - 34ms/epoch - 1ms/step
Epoch 307/500
33/33 - 0s - loss: 5.9153e-04 - 34ms/epoch - 1ms/step
Epoch 308/500
33/33 - 0s - loss: 4.1878e-04 - 34ms/epoch - 1ms/step
Epoch 309/500
33/33 - 0s - loss: 4.4861e-04 - 33ms/epoch - 1ms/step
Epoch 310/500
33/33 - 0s - loss: 3.3925e-04 - 32ms/epoch - 980us/step
Epoch 311/500
33/33 - 0s - loss: 4.9505e-04 - 33ms/epoch - 1ms/step
Epoch 312/500
33/33 - 0s - loss: 5.1136e-04 - 32ms/epoch - 981us/step
Epoch 313/500
33/33 - 0s - loss: 3.0808e-04 - 33ms/epoch - 1ms/step
Epoch 314/500
33/33 - 0s - loss: 3.1385e-04 - 33ms/epoch - 995us/step
Epoch 315/500
33/33 - 0s - loss: 2.2834e-04 - 33ms/epoch - 995us/step
Epoch 316/500
33/33 - 0s - loss: 2.6251e-04 - 34ms/epoch - 1ms/step
Epoch 317/500
33/33 - 0s - loss: 1.8506e-04 - 33ms/epoch - 1ms/step
Epoch 318/500
33/33 - 0s - loss: 2.5084e-04 - 33ms/epoch - 1ms/step
Epoch 319/500
33/33 - 0s - loss: 2.4686e-04 - 33ms/epoch - 992us/step
Epoch 320/500
33/33 - 0s - loss: 0.0013 - 32ms/epoch - 968us/step
Epoch 321/500
33/33 - 0s - loss: 9.9483e-04 - 33ms/epoch - 993us/step
Epoch 322/500
33/33 - 0s - loss: 4.7000e-04 - 36ms/epoch - 1ms/step
Epoch 323/500
33/33 - 0s - loss: 6.0395e-04 - 33ms/epoch - 1ms/step
Epoch 324/500
33/33 - 0s - loss: 0.0010 - 33ms/epoch - 1ms/step
Epoch 325/500
33/33 - 0s - loss: 8.7393e-04 - 33ms/epoch - 1ms/step
Epoch 326/500
33/33 - 0s - loss: 7.6362e-04 - 34ms/epoch - 1ms/step
Epoch 327/500
33/33 - 0s - loss: 3.3383e-04 - 33ms/epoch - 1ms/step
Epoch 328/500
33/33 - 0s - loss: 3.5994e-04 - 35ms/epoch - 1ms/step
Epoch 329/500
33/33 - 0s - loss: 3.1873e-04 - 34ms/epoch - 1ms/step
Epoch 330/500
33/33 - 0s - loss: 3.3623e-04 - 35ms/epoch - 1ms/step
Epoch 331/500
33/33 - 0s - loss: 3.7835e-04 - 41ms/epoch - 1ms/step
Epoch 332/500
33/33 - 0s - loss: 3.1845e-04 - 38ms/epoch - 1ms/step
Epoch 333/500
33/33 - 0s - loss: 1.8501e-04 - 40ms/epoch - 1ms/step
Epoch 334/500
33/33 - 0s - loss: 1.4782e-04 - 39ms/epoch - 1ms/step
Epoch 335/500
33/33 - 0s - loss: 1.4992e-04 - 40ms/epoch - 1ms/step
Epoch 336/500
33/33 - 0s - loss: 1.4003e-04 - 37ms/epoch - 1ms/step
Epoch 337/500
33/33 - 0s - loss: 3.5938e-04 - 39ms/epoch - 1ms/step
Epoch 338/500
33/33 - 0s - loss: 5.7948e-04 - 39ms/epoch - 1ms/step
Epoch 339/500
33/33 - 0s - loss: 4.8680e-04 - 41ms/epoch - 1ms/step
Epoch 340/500
33/33 - 0s - loss: 2.9146e-04 - 35ms/epoch - 1ms/step
Epoch 341/500
33/33 - 0s - loss: 1.4330e-04 - 36ms/epoch - 1ms/step
Epoch 342/500
33/33 - 0s - loss: 1.9183e-04 - 38ms/epoch - 1ms/step
Epoch 343/500
33/33 - 0s - loss: 1.3662e-04 - 36ms/epoch - 1ms/step
Epoch 344/500
33/33 - 0s - loss: 2.1183e-04 - 37ms/epoch - 1ms/step
Epoch 345/500
33/33 - 0s - loss: 1.9777e-04 - 47ms/epoch - 1ms/step
Epoch 346/500
33/33 - 0s - loss: 3.4412e-04 - 40ms/epoch - 1ms/step
Epoch 347/500
33/33 - 0s - loss: 8.1525e-04 - 37ms/epoch - 1ms/step
Epoch 348/500
33/33 - 0s - loss: 5.5965e-04 - 35ms/epoch - 1ms/step
Epoch 349/500
33/33 - 0s - loss: 3.3875e-04 - 34ms/epoch - 1ms/step
Epoch 350/500
33/33 - 0s - loss: 7.0605e-04 - 41ms/epoch - 1ms/step
Epoch 351/500
33/33 - 0s - loss: 0.0014 - 41ms/epoch - 1ms/step
Epoch 352/500
33/33 - 0s - loss: 0.0015 - 41ms/epoch - 1ms/step
Epoch 353/500
33/33 - 0s - loss: 9.6600e-04 - 41ms/epoch - 1ms/step
Epoch 354/500
33/33 - 0s - loss: 6.1862e-04 - 34ms/epoch - 1ms/step
Epoch 355/500
33/33 - 0s - loss: 7.1448e-04 - 36ms/epoch - 1ms/step
Epoch 356/500
33/33 - 0s - loss: 4.1404e-04 - 35ms/epoch - 1ms/step
Epoch 357/500
33/33 - 0s - loss: 3.0879e-04 - 34ms/epoch - 1ms/step
Epoch 358/500
33/33 - 0s - loss: 2.1757e-04 - 34ms/epoch - 1ms/step
Epoch 359/500
33/33 - 0s - loss: 1.9656e-04 - 34ms/epoch - 1ms/step
Epoch 360/500
33/33 - 0s - loss: 4.9143e-04 - 33ms/epoch - 1ms/step
Epoch 361/500
33/33 - 0s - loss: 4.5822e-04 - 34ms/epoch - 1ms/step
Epoch 362/500
33/33 - 0s - loss: 2.8963e-04 - 35ms/epoch - 1ms/step
Epoch 363/500
33/33 - 0s - loss: 2.0515e-04 - 35ms/epoch - 1ms/step
Epoch 364/500
33/33 - 0s - loss: 1.7605e-04 - 35ms/epoch - 1ms/step
Epoch 365/500
33/33 - 0s - loss: 2.5317e-04 - 34ms/epoch - 1ms/step
Epoch 366/500
33/33 - 0s - loss: 2.0472e-04 - 33ms/epoch - 1ms/step
Epoch 367/500
33/33 - 0s - loss: 2.0008e-04 - 33ms/epoch - 1ms/step
Epoch 368/500
33/33 - 0s - loss: 2.7152e-04 - 34ms/epoch - 1ms/step
Epoch 369/500
33/33 - 0s - loss: 2.8167e-04 - 33ms/epoch - 1ms/step
Epoch 370/500
33/33 - 0s - loss: 1.9901e-04 - 33ms/epoch - 1ms/step
Epoch 371/500
33/33 - 0s - loss: 1.4859e-04 - 34ms/epoch - 1ms/step
Epoch 372/500
33/33 - 0s - loss: 1.9788e-04 - 34ms/epoch - 1ms/step
Epoch 373/500
33/33 - 0s - loss: 1.8391e-04 - 34ms/epoch - 1ms/step
Epoch 374/500
33/33 - 0s - loss: 1.4753e-04 - 34ms/epoch - 1ms/step
Epoch 375/500
33/33 - 0s - loss: 1.1353e-04 - 34ms/epoch - 1ms/step
Epoch 376/500
33/33 - 0s - loss: 8.8279e-04 - 34ms/epoch - 1ms/step
Epoch 377/500
33/33 - 0s - loss: 0.0029 - 34ms/epoch - 1ms/step
Epoch 378/500
33/33 - 0s - loss: 0.0012 - 33ms/epoch - 1ms/step
Epoch 379/500
33/33 - 0s - loss: 9.0934e-04 - 35ms/epoch - 1ms/step
Epoch 380/500
33/33 - 0s - loss: 4.8951e-04 - 33ms/epoch - 998us/step
Epoch 381/500
33/33 - 0s - loss: 4.0347e-04 - 33ms/epoch - 1ms/step
Epoch 382/500
33/33 - 0s - loss: 2.2759e-04 - 33ms/epoch - 993us/step
Epoch 383/500
33/33 - 0s - loss: 5.1398e-04 - 32ms/epoch - 981us/step
Epoch 384/500
33/33 - 0s - loss: 9.6238e-04 - 34ms/epoch - 1ms/step
Epoch 385/500
33/33 - 0s - loss: 3.7661e-04 - 34ms/epoch - 1ms/step
Epoch 386/500
33/33 - 0s - loss: 1.8953e-04 - 32ms/epoch - 973us/step
Epoch 387/500
33/33 - 0s - loss: 1.3541e-04 - 33ms/epoch - 1ms/step
Epoch 388/500
33/33 - 0s - loss: 1.3251e-04 - 33ms/epoch - 997us/step
Epoch 389/500
33/33 - 0s - loss: 2.9716e-04 - 32ms/epoch - 984us/step
Epoch 390/500
33/33 - 0s - loss: 3.7225e-04 - 34ms/epoch - 1ms/step
Epoch 391/500
33/33 - 0s - loss: 4.6244e-04 - 32ms/epoch - 981us/step
Epoch 392/500
33/33 - 0s - loss: 0.0013 - 33ms/epoch - 997us/step
Epoch 393/500
33/33 - 0s - loss: 0.0012 - 33ms/epoch - 997us/step
Epoch 394/500
33/33 - 0s - loss: 3.7167e-04 - 33ms/epoch - 1ms/step
Epoch 395/500
33/33 - 0s - loss: 1.9376e-04 - 33ms/epoch - 985us/step
Epoch 396/500
33/33 - 0s - loss: 2.0065e-04 - 32ms/epoch - 972us/step
Epoch 397/500
33/33 - 0s - loss: 2.3707e-04 - 33ms/epoch - 998us/step
Epoch 398/500
33/33 - 0s - loss: 2.1662e-04 - 33ms/epoch - 997us/step
Epoch 399/500
33/33 - 0s - loss: 1.4065e-04 - 33ms/epoch - 987us/step
Epoch 400/500
33/33 - 0s - loss: 1.2175e-04 - 32ms/epoch - 980us/step
Epoch 401/500
33/33 - 0s - loss: 3.0644e-04 - 33ms/epoch - 986us/step
Epoch 402/500
33/33 - 0s - loss: 2.7012e-04 - 33ms/epoch - 987us/step
Epoch 403/500
33/33 - 0s - loss: 2.5849e-04 - 33ms/epoch - 986us/step
Epoch 404/500
33/33 - 0s - loss: 2.1166e-04 - 33ms/epoch - 992us/step
Epoch 405/500
33/33 - 0s - loss: 2.3058e-04 - 33ms/epoch - 989us/step
Epoch 406/500
33/33 - 0s - loss: 1.8301e-04 - 33ms/epoch - 991us/step
Epoch 407/500
33/33 - 0s - loss: 1.8485e-04 - 33ms/epoch - 1ms/step
Epoch 408/500
33/33 - 0s - loss: 2.1140e-04 - 33ms/epoch - 1ms/step
Epoch 409/500
33/33 - 0s - loss: 1.2117e-04 - 33ms/epoch - 1ms/step
Epoch 410/500
33/33 - 0s - loss: 7.7365e-05 - 33ms/epoch - 1ms/step
Epoch 411/500
33/33 - 0s - loss: 1.7076e-04 - 33ms/epoch - 1ms/step
Epoch 412/500
33/33 - 0s - loss: 1.6999e-04 - 33ms/epoch - 995us/step
Epoch 413/500
33/33 - 0s - loss: 1.1228e-04 - 33ms/epoch - 988us/step
Epoch 414/500
33/33 - 0s - loss: 1.2390e-04 - 32ms/epoch - 983us/step
Epoch 415/500
33/33 - 0s - loss: 1.4261e-04 - 33ms/epoch - 1ms/step
Epoch 416/500
33/33 - 0s - loss: 2.2217e-04 - 33ms/epoch - 1ms/step
Epoch 417/500
33/33 - 0s - loss: 2.8623e-04 - 34ms/epoch - 1ms/step
Epoch 418/500
33/33 - 0s - loss: 6.7140e-04 - 35ms/epoch - 1ms/step
Epoch 419/500
33/33 - 0s - loss: 4.3837e-04 - 33ms/epoch - 1ms/step
Epoch 420/500
33/33 - 0s - loss: 5.9808e-04 - 33ms/epoch - 1ms/step
Epoch 421/500
33/33 - 0s - loss: 4.1543e-04 - 33ms/epoch - 1ms/step
Epoch 422/500
33/33 - 0s - loss: 2.6055e-04 - 34ms/epoch - 1ms/step
Epoch 423/500
33/33 - 0s - loss: 1.4194e-04 - 34ms/epoch - 1ms/step
Epoch 424/500
33/33 - 0s - loss: 1.3048e-04 - 34ms/epoch - 1ms/step
Epoch 425/500
33/33 - 0s - loss: 1.7177e-04 - 34ms/epoch - 1ms/step
Epoch 426/500
33/33 - 0s - loss: 2.3464e-04 - 34ms/epoch - 1ms/step
Epoch 427/500
33/33 - 0s - loss: 1.5436e-04 - 33ms/epoch - 1ms/step
Epoch 428/500
33/33 - 0s - loss: 2.5594e-04 - 33ms/epoch - 1ms/step
Epoch 429/500
33/33 - 0s - loss: 2.0190e-04 - 34ms/epoch - 1ms/step
Epoch 430/500
33/33 - 0s - loss: 2.9185e-04 - 34ms/epoch - 1ms/step
Epoch 431/500
33/33 - 0s - loss: 4.7668e-04 - 35ms/epoch - 1ms/step
Epoch 432/500
33/33 - 0s - loss: 2.6920e-04 - 34ms/epoch - 1ms/step
Epoch 433/500
33/33 - 0s - loss: 3.2263e-04 - 36ms/epoch - 1ms/step
Epoch 434/500
33/33 - 0s - loss: 3.5113e-04 - 34ms/epoch - 1ms/step
Epoch 435/500
33/33 - 0s - loss: 2.6086e-04 - 34ms/epoch - 1ms/step
Epoch 436/500
33/33 - 0s - loss: 2.1845e-04 - 33ms/epoch - 1ms/step
Epoch 437/500
33/33 - 0s - loss: 1.8046e-04 - 35ms/epoch - 1ms/step
Epoch 438/500
33/33 - 0s - loss: 2.6716e-04 - 34ms/epoch - 1ms/step
Epoch 439/500
33/33 - 0s - loss: 3.4084e-04 - 34ms/epoch - 1ms/step
Epoch 440/500
33/33 - 0s - loss: 4.4457e-04 - 34ms/epoch - 1ms/step
Epoch 441/500
33/33 - 0s - loss: 9.1042e-04 - 35ms/epoch - 1ms/step
Epoch 442/500
33/33 - 0s - loss: 8.6174e-04 - 35ms/epoch - 1ms/step
Epoch 443/500
33/33 - 0s - loss: 5.1983e-04 - 36ms/epoch - 1ms/step
Epoch 444/500
33/33 - 0s - loss: 3.0198e-04 - 35ms/epoch - 1ms/step
Epoch 445/500
33/33 - 0s - loss: 6.7584e-04 - 35ms/epoch - 1ms/step
Epoch 446/500
33/33 - 0s - loss: 8.2945e-04 - 35ms/epoch - 1ms/step
Epoch 447/500
33/33 - 0s - loss: 5.6301e-04 - 34ms/epoch - 1ms/step
Epoch 448/500
33/33 - 0s - loss: 2.5450e-04 - 34ms/epoch - 1ms/step
Epoch 449/500
33/33 - 0s - loss: 1.3798e-04 - 36ms/epoch - 1ms/step
Epoch 450/500
33/33 - 0s - loss: 1.2309e-04 - 34ms/epoch - 1ms/step
Epoch 451/500
33/33 - 0s - loss: 1.1171e-04 - 35ms/epoch - 1ms/step
Epoch 452/500
33/33 - 0s - loss: 1.5761e-04 - 36ms/epoch - 1ms/step
Epoch 453/500
33/33 - 0s - loss: 1.2980e-04 - 35ms/epoch - 1ms/step
Epoch 454/500
33/33 - 0s - loss: 1.3017e-04 - 34ms/epoch - 1ms/step
Epoch 455/500
33/33 - 0s - loss: 1.3546e-04 - 35ms/epoch - 1ms/step
Epoch 456/500
33/33 - 0s - loss: 1.1425e-04 - 34ms/epoch - 1ms/step
Epoch 457/500
33/33 - 0s - loss: 9.5763e-05 - 36ms/epoch - 1ms/step
Epoch 458/500
33/33 - 0s - loss: 1.4897e-04 - 34ms/epoch - 1ms/step
Epoch 459/500
33/33 - 0s - loss: 2.4951e-04 - 34ms/epoch - 1ms/step
Epoch 460/500
33/33 - 0s - loss: 7.6885e-04 - 35ms/epoch - 1ms/step
Epoch 461/500
33/33 - 0s - loss: 0.0011 - 35ms/epoch - 1ms/step
Epoch 462/500
33/33 - 0s - loss: 6.4926e-04 - 35ms/epoch - 1ms/step
Epoch 463/500
33/33 - 0s - loss: 3.8517e-04 - 35ms/epoch - 1ms/step
Epoch 464/500
33/33 - 0s - loss: 2.0270e-04 - 35ms/epoch - 1ms/step
Epoch 465/500
33/33 - 0s - loss: 1.2877e-04 - 35ms/epoch - 1ms/step
Epoch 466/500
33/33 - 0s - loss: 1.8795e-04 - 34ms/epoch - 1ms/step
Epoch 467/500
33/33 - 0s - loss: 1.7505e-04 - 33ms/epoch - 998us/step
Epoch 468/500
33/33 - 0s - loss: 9.7470e-05 - 33ms/epoch - 1ms/step
Epoch 469/500
33/33 - 0s - loss: 7.1677e-05 - 33ms/epoch - 994us/step
Epoch 470/500
33/33 - 0s - loss: 7.8098e-05 - 34ms/epoch - 1ms/step
Epoch 471/500
33/33 - 0s - loss: 6.4799e-05 - 33ms/epoch - 990us/step
Epoch 472/500
33/33 - 0s - loss: 7.5837e-05 - 34ms/epoch - 1ms/step
Epoch 473/500
33/33 - 0s - loss: 8.3746e-05 - 34ms/epoch - 1ms/step
Epoch 474/500
33/33 - 0s - loss: 3.5589e-04 - 34ms/epoch - 1ms/step
Epoch 475/500
33/33 - 0s - loss: 0.0020 - 34ms/epoch - 1ms/step
Epoch 476/500
33/33 - 0s - loss: 0.0017 - 34ms/epoch - 1ms/step
Epoch 477/500
33/33 - 0s - loss: 8.4767e-04 - 33ms/epoch - 989us/step
Epoch 478/500
33/33 - 0s - loss: 3.8084e-04 - 33ms/epoch - 1ms/step
Epoch 479/500
33/33 - 0s - loss: 3.2391e-04 - 33ms/epoch - 993us/step
Epoch 480/500
33/33 - 0s - loss: 2.8992e-04 - 34ms/epoch - 1ms/step
Epoch 481/500
33/33 - 0s - loss: 2.6304e-04 - 34ms/epoch - 1ms/step
Epoch 482/500
33/33 - 0s - loss: 4.1614e-04 - 33ms/epoch - 1ms/step
Epoch 483/500
33/33 - 0s - loss: 2.5371e-04 - 34ms/epoch - 1ms/step
Epoch 484/500
33/33 - 0s - loss: 1.6359e-04 - 34ms/epoch - 1ms/step
Epoch 485/500
33/33 - 0s - loss: 1.3154e-04 - 34ms/epoch - 1ms/step
Epoch 486/500
33/33 - 0s - loss: 1.2561e-04 - 32ms/epoch - 980us/step
Epoch 487/500
33/33 - 0s - loss: 9.6076e-05 - 33ms/epoch - 1ms/step
Epoch 488/500
33/33 - 0s - loss: 8.0661e-05 - 33ms/epoch - 1ms/step
Epoch 489/500
33/33 - 0s - loss: 8.4751e-05 - 33ms/epoch - 992us/step
Epoch 490/500
33/33 - 0s - loss: 1.8961e-04 - 33ms/epoch - 999us/step
Epoch 491/500
33/33 - 0s - loss: 2.8290e-04 - 33ms/epoch - 999us/step
Epoch 492/500
33/33 - 0s - loss: 5.4679e-04 - 33ms/epoch - 1ms/step
Epoch 493/500
33/33 - 0s - loss: 3.5200e-04 - 34ms/epoch - 1ms/step
Epoch 494/500
33/33 - 0s - loss: 1.9023e-04 - 34ms/epoch - 1ms/step
Epoch 495/500
33/33 - 0s - loss: 2.0995e-04 - 36ms/epoch - 1ms/step
Epoch 496/500
33/33 - 0s - loss: 1.8501e-04 - 33ms/epoch - 1ms/step
Epoch 497/500
33/33 - 0s - loss: 1.5775e-04 - 33ms/epoch - 1ms/step
Epoch 498/500
33/33 - 0s - loss: 1.7804e-04 - 34ms/epoch - 1ms/step
Epoch 499/500
33/33 - 0s - loss: 1.4553e-04 - 34ms/epoch - 1ms/step
Epoch 500/500
33/33 - 0s - loss: 2.0666e-04 - 34ms/epoch - 1ms/step
WARNING:absl:Found untraced functions such as _update_step_xla while saving (showing 1 of 1). These functions will not be directly callable after loading.
Train MSE: 0.000185
 1/33 [..............................] - ETA: 1s33/33 [==============================] - 0s 715us/step
Run time:  18.762389752000217
